# JRE version: OpenJDK Runtime Environment (8.0_112-b06) (build 1.8.0_112-release-b06)
# Java VM: OpenJDK 64-Bit Server VM (25.112-b06 mixed mode windows-amd64 compressed oops)
Heap:
 PSYoungGen      total 267776K, used 233587K [0x000000076ab00000, 0x000000078a780000, 0x00000007c0000000)
  eden space 202240K, 83% used [0x000000076ab00000,0x0000000774f1dfb8,0x0000000777080000)
  from space 65536K, 99% used [0x000000077e680000,0x000000078267ee58,0x0000000782680000)
  to   space 120832K, 0% used [0x0000000777080000,0x0000000777080000,0x000000077e680000)
 ParOldGen       total 420352K, used 172389K [0x00000006c0000000, 0x00000006d9a80000, 0x000000076ab00000)
  object space 420352K, 41% used [0x00000006c0000000,0x00000006ca8597c0,0x00000006d9a80000)
 Metaspace       used 6224K, capacity 7216K, committed 7296K, reserved 1056768K
  class space    used 574K, capacity 616K, committed 640K, reserved 1048576K
GC Heap History (10 events):
Event: 8.843 GC heap before
{Heap before GC invocations=12 (full 3):
 PSYoungGen      total 323072K, used 245240K [0x000000076ab00000, 0x0000000784480000, 0x00000007c0000000)
  eden space 243712K, 100% used [0x000000076ab00000,0x0000000779900000,0x0000000779900000)
  from space 79360K, 1% used [0x0000000779900000,0x0000000779a7e268,0x000000077e680000)
  to   space 65536K, 0% used [0x000000077e680000,0x000000077e680000,0x0000000782680000)
 ParOldGen       total 132608K, used 132177K [0x00000006c0000000, 0x00000006c8180000, 0x000000076ab00000)
  object space 132608K, 99% used [0x00000006c0000000,0x00000006c8114570,0x00000006c8180000)
 Metaspace       used 6163K, capacity 7216K, committed 7296K, reserved 1056768K
  class space    used 574K, capacity 616K, committed 640K, reserved 1048576K
Event: 9.147 GC heap after
Heap after GC invocations=12 (full 3):
 PSYoungGen      total 323072K, used 19293K [0x000000076ab00000, 0x0000000784480000, 0x00000007c0000000)
  eden space 243712K, 7% used [0x000000076ab00000,0x000000076bdd7420,0x0000000779900000)
  from space 79360K, 0% used [0x0000000779900000,0x0000000779900000,0x000000077e680000)
  to   space 65536K, 0% used [0x000000077e680000,0x000000077e680000,0x0000000782680000)
 ParOldGen       total 132608K, used 132581K [0x00000006c0000000, 0x00000006c8180000, 0x000000076ab00000)
  object space 132608K, 99% used [0x00000006c0000000,0x00000006c8179440,0x00000006c8180000)
 Metaspace       used 6163K, capacity 7216K, committed 7296K, reserved 1056768K
  class space    used 574K, capacity 616K, committed 640K, reserved 1048576K
}
Event: 9.535 GC heap before
{Heap before GC invocations=13 (full 4):
 PSYoungGen      total 323072K, used 243712K [0x000000076ab00000, 0x0000000784480000, 0x00000007c0000000)
  eden space 243712K, 100% used [0x000000076ab00000,0x0000000779900000,0x0000000779900000)
  from space 79360K, 0% used [0x0000000779900000,0x0000000779900000,0x000000077e680000)
  to   space 65536K, 0% used [0x000000077e680000,0x000000077e680000,0x0000000782680000)
 ParOldGen       total 132608K, used 132581K [0x00000006c0000000, 0x00000006c8180000, 0x000000076ab00000)
  object space 132608K, 99% used [0x00000006c0000000,0x00000006c8179440,0x00000006c8180000)
 Metaspace       used 6165K, capacity 7216K, committed 7296K, reserved 1056768K
  class space    used 574K, capacity 616K, committed 640K, reserved 1048576K
Event: 10.379 GC heap after
Heap after GC invocations=13 (full 4):
 PSYoungGen      total 323072K, used 42805K [0x000000076ab00000, 0x0000000784480000, 0x00000007c0000000)
  eden space 243712K, 17% used [0x000000076ab00000,0x000000076d4cd7b8,0x0000000779900000)
  from space 79360K, 0% used [0x0000000779900000,0x0000000779900000,0x000000077e680000)
  to   space 65536K, 0% used [0x000000077e680000,0x000000077e680000,0x0000000782680000)
 ParOldGen       total 132608K, used 132209K [0x00000006c0000000, 0x00000006c8180000, 0x000000076ab00000)
  object space 132608K, 99% used [0x00000006c0000000,0x00000006c811c738,0x00000006c8180000)
 Metaspace       used 6165K, capacity 7216K, committed 7296K, reserved 1056768K
  class space    used 574K, capacity 616K, committed 640K, reserved 1048576K
}
Event: 11.314 GC heap before
{Heap before GC invocations=14 (full 5):
 PSYoungGen      total 323072K, used 243712K [0x000000076ab00000, 0x0000000784480000, 0x00000007c0000000)
  eden space 243712K, 100% used [0x000000076ab00000,0x0000000779900000,0x0000000779900000)
  from space 79360K, 0% used [0x0000000779900000,0x0000000779900000,0x000000077e680000)
  to   space 65536K, 0% used [0x000000077e680000,0x000000077e680000,0x0000000782680000)
 ParOldGen       total 132608K, used 132209K [0x00000006c0000000, 0x00000006c8180000, 0x000000076ab00000)
  object space 132608K, 99% used [0x00000006c0000000,0x00000006c811c738,0x00000006c8180000)
 Metaspace       used 6177K, capacity 7216K, committed 7296K, reserved 1056768K
  class space    used 574K, capacity 616K, committed 640K, reserved 1048576K
Event: 11.787 GC heap after
Heap after GC invocations=14 (full 5):
 PSYoungGen      total 323072K, used 49550K [0x000000076ab00000, 0x0000000784480000, 0x00000007c0000000)
  eden space 243712K, 20% used [0x000000076ab00000,0x000000076db63a00,0x0000000779900000)
  from space 79360K, 0% used [0x0000000779900000,0x0000000779900000,0x000000077e680000)
  to   space 65536K, 0% used [0x000000077e680000,0x000000077e680000,0x0000000782680000)
 ParOldGen       total 132608K, used 132139K [0x00000006c0000000, 0x00000006c8180000, 0x000000076ab00000)
  object space 132608K, 99% used [0x00000006c0000000,0x00000006c810ad30,0x00000006c8180000)
 Metaspace       used 6177K, capacity 7216K, committed 7296K, reserved 1056768K
  class space    used 574K, capacity 616K, committed 640K, reserved 1048576K
}
Event: 12.229 GC heap before
{Heap before GC invocations=15 (full 6):
 PSYoungGen      total 323072K, used 243712K [0x000000076ab00000, 0x0000000784480000, 0x00000007c0000000)
  eden space 243712K, 100% used [0x000000076ab00000,0x0000000779900000,0x0000000779900000)
  from space 79360K, 0% used [0x0000000779900000,0x0000000779900000,0x000000077e680000)
  to   space 65536K, 0% used [0x000000077e680000,0x000000077e680000,0x0000000782680000)
 ParOldGen       total 132608K, used 132139K [0x00000006c0000000, 0x00000006c8180000, 0x000000076ab00000)
  object space 132608K, 99% used [0x00000006c0000000,0x00000006c810ad30,0x00000006c8180000)
 Metaspace       used 6180K, capacity 7216K, committed 7296K, reserved 1056768K
  class space    used 574K, capacity 616K, committed 640K, reserved 1048576K
Event: 12.655 GC heap after
Heap after GC invocations=15 (full 6):
 PSYoungGen      total 323072K, used 71715K [0x000000076ab00000, 0x0000000784480000, 0x00000007c0000000)
  eden space 243712K, 29% used [0x000000076ab00000,0x000000076f108d50,0x0000000779900000)
  from space 79360K, 0% used [0x0000000779900000,0x0000000779900000,0x000000077e680000)
  to   space 65536K, 0% used [0x000000077e680000,0x000000077e680000,0x0000000782680000)
 ParOldGen       total 420352K, used 132139K [0x00000006c0000000, 0x00000006d9a80000, 0x000000076ab00000)
  object space 420352K, 31% used [0x00000006c0000000,0x00000006c810ad30,0x00000006d9a80000)
 Metaspace       used 6180K, capacity 7216K, committed 7296K, reserved 1056768K
  class space    used 574K, capacity 616K, committed 640K, reserved 1048576K
}
Event: 13.231 GC heap before
{Heap before GC invocations=16 (full 6):
 PSYoungGen      total 323072K, used 243712K [0x000000076ab00000, 0x0000000784480000, 0x00000007c0000000)
  eden space 243712K, 100% used [0x000000076ab00000,0x0000000779900000,0x0000000779900000)
  from space 79360K, 0% used [0x0000000779900000,0x0000000779900000,0x000000077e680000)
  to   space 65536K, 0% used [0x000000077e680000,0x000000077e680000,0x0000000782680000)
 ParOldGen       total 420352K, used 132139K [0x00000006c0000000, 0x00000006d9a80000, 0x000000076ab00000)
  object space 420352K, 31% used [0x00000006c0000000,0x00000006c810ad30,0x00000006d9a80000)
 Metaspace       used 6204K, capacity 7216K, committed 7296K, reserved 1056768K
  class space    used 574K, capacity 616K, committed 640K, reserved 1048576K
Event: 13.470 GC heap after
Heap after GC invocations=16 (full 6):
 PSYoungGen      total 267776K, used 65531K [0x000000076ab00000, 0x000000078a780000, 0x00000007c0000000)
  eden space 202240K, 0% used [0x000000076ab00000,0x000000076ab00000,0x0000000777080000)
  from space 65536K, 99% used [0x000000077e680000,0x000000078267ee58,0x0000000782680000)
  to   space 120832K, 0% used [0x0000000777080000,0x0000000777080000,0x000000077e680000)
 ParOldGen       total 420352K, used 172389K [0x00000006c0000000, 0x00000006d9a80000, 0x000000076ab00000)
  object space 420352K, 41% used [0x00000006c0000000,0x00000006ca8597c0,0x00000006d9a80000)
 Metaspace       used 6204K, capacity 7216K, committed 7296K, reserved 1056768K
  class space    used 574K, capacity 616K, committed 640K, reserved 1048576K
}

