# JRE version: OpenJDK Runtime Environment (8.0_112-b06) (build 1.8.0_112-release-b06)
# Java VM: OpenJDK 64-Bit Server VM (25.112-b06 mixed mode windows-amd64 compressed oops)
Heap:
 PSYoungGen      total 277504K, used 64244K [0x000000076ab00000, 0x0000000788880000, 0x00000007c0000000)
  eden space 245248K, 23% used [0x000000076ab00000,0x000000076e3c48e8,0x0000000779a80000)
  from space 32256K, 18% used [0x0000000779a80000,0x000000077a0789c8,0x000000077ba00000)
  to   space 48128K, 0% used [0x0000000785980000,0x0000000785980000,0x0000000788880000)
 ParOldGen       total 153088K, used 84881K [0x00000006c0000000, 0x00000006c9580000, 0x000000076ab00000)
  object space 153088K, 55% used [0x00000006c0000000,0x00000006c52e47f8,0x00000006c9580000)
 Metaspace       used 6448K, capacity 7280K, committed 7552K, reserved 1056768K
  class space    used 594K, capacity 616K, committed 640K, reserved 1048576K
GC Heap History (10 events):
Event: 2.814 GC heap before
{Heap before GC invocations=6 (full 0):
 PSYoungGen      total 68608K, used 68577K [0x000000076ab00000, 0x0000000774600000, 0x00000007c0000000)
  eden space 63488K, 100% used [0x000000076ab00000,0x000000076e900000,0x000000076e900000)
  from space 5120K, 99% used [0x000000076e900000,0x000000076edf8530,0x000000076ee00000)
  to   space 15872K, 0% used [0x0000000773680000,0x0000000773680000,0x0000000774600000)
 ParOldGen       total 84992K, used 22207K [0x00000006c0000000, 0x00000006c5300000, 0x000000076ab00000)
  object space 84992K, 26% used [0x00000006c0000000,0x00000006c15afd18,0x00000006c5300000)
 Metaspace       used 6325K, capacity 7216K, committed 7296K, reserved 1056768K
  class space    used 585K, capacity 616K, committed 640K, reserved 1048576K
Event: 2.854 GC heap after
Heap after GC invocations=6 (full 0):
 PSYoungGen      total 141312K, used 14097K [0x000000076ab00000, 0x0000000774900000, 0x00000007c0000000)
  eden space 125440K, 0% used [0x000000076ab00000,0x000000076ab00000,0x0000000772580000)
  from space 15872K, 88% used [0x0000000773680000,0x0000000774444520,0x0000000774600000)
  to   space 17408K, 0% used [0x0000000772580000,0x0000000772580000,0x0000000773680000)
 ParOldGen       total 84992K, used 22207K [0x00000006c0000000, 0x00000006c5300000, 0x000000076ab00000)
  object space 84992K, 26% used [0x00000006c0000000,0x00000006c15afd18,0x00000006c5300000)
 Metaspace       used 6325K, capacity 7216K, committed 7296K, reserved 1056768K
  class space    used 585K, capacity 616K, committed 640K, reserved 1048576K
}
Event: 3.308 GC heap before
{Heap before GC invocations=7 (full 0):
 PSYoungGen      total 141312K, used 139537K [0x000000076ab00000, 0x0000000774900000, 0x00000007c0000000)
  eden space 125440K, 100% used [0x000000076ab00000,0x0000000772580000,0x0000000772580000)
  from space 15872K, 88% used [0x0000000773680000,0x0000000774444520,0x0000000774600000)
  to   space 17408K, 0% used [0x0000000772580000,0x0000000772580000,0x0000000773680000)
 ParOldGen       total 84992K, used 22207K [0x00000006c0000000, 0x00000006c5300000, 0x000000076ab00000)
  object space 84992K, 26% used [0x00000006c0000000,0x00000006c15afd18,0x00000006c5300000)
 Metaspace       used 6381K, capacity 7216K, committed 7296K, reserved 1056768K
  class space    used 589K, capacity 616K, committed 640K, reserved 1048576K
Event: 3.383 GC heap after
Heap after GC invocations=7 (full 0):
 PSYoungGen      total 142848K, used 17392K [0x000000076ab00000, 0x000000077d400000, 0x00000007c0000000)
  eden space 125440K, 0% used [0x000000076ab00000,0x000000076ab00000,0x0000000772580000)
  from space 17408K, 99% used [0x0000000772580000,0x000000077367c3a0,0x0000000773680000)
  to   space 26624K, 0% used [0x000000077ba00000,0x000000077ba00000,0x000000077d400000)
 ParOldGen       total 84992K, used 35370K [0x00000006c0000000, 0x00000006c5300000, 0x000000076ab00000)
  object space 84992K, 41% used [0x00000006c0000000,0x00000006c228a9d8,0x00000006c5300000)
 Metaspace       used 6381K, capacity 7216K, committed 7296K, reserved 1056768K
  class space    used 589K, capacity 616K, committed 640K, reserved 1048576K
}
Event: 3.664 GC heap before
{Heap before GC invocations=8 (full 0):
 PSYoungGen      total 142848K, used 142832K [0x000000076ab00000, 0x000000077d400000, 0x00000007c0000000)
  eden space 125440K, 100% used [0x000000076ab00000,0x0000000772580000,0x0000000772580000)
  from space 17408K, 99% used [0x0000000772580000,0x000000077367c3a0,0x0000000773680000)
  to   space 26624K, 0% used [0x000000077ba00000,0x000000077ba00000,0x000000077d400000)
 ParOldGen       total 84992K, used 35370K [0x00000006c0000000, 0x00000006c5300000, 0x000000076ab00000)
  object space 84992K, 41% used [0x00000006c0000000,0x00000006c228a9d8,0x00000006c5300000)
 Metaspace       used 6389K, capacity 7216K, committed 7296K, reserved 1056768K
  class space    used 589K, capacity 616K, committed 640K, reserved 1048576K
Event: 3.723 GC heap after
Heap after GC invocations=8 (full 0):
 PSYoungGen      total 271872K, used 26623K [0x000000076ab00000, 0x000000077df00000, 0x00000007c0000000)
  eden space 245248K, 0% used [0x000000076ab00000,0x000000076ab00000,0x0000000779a80000)
  from space 26624K, 99% used [0x000000077ba00000,0x000000077d3ffca0,0x000000077d400000)
  to   space 32256K, 0% used [0x0000000779a80000,0x0000000779a80000,0x000000077ba00000)
 ParOldGen       total 84992K, used 38779K [0x00000006c0000000, 0x00000006c5300000, 0x000000076ab00000)
  object space 84992K, 45% used [0x00000006c0000000,0x00000006c25dedd0,0x00000006c5300000)
 Metaspace       used 6389K, capacity 7216K, committed 7296K, reserved 1056768K
  class space    used 589K, capacity 616K, committed 640K, reserved 1048576K
}
Event: 4.670 GC heap before
{Heap before GC invocations=9 (full 0):
 PSYoungGen      total 271872K, used 271871K [0x000000076ab00000, 0x000000077df00000, 0x00000007c0000000)
  eden space 245248K, 100% used [0x000000076ab00000,0x0000000779a80000,0x0000000779a80000)
  from space 26624K, 99% used [0x000000077ba00000,0x000000077d3ffca0,0x000000077d400000)
  to   space 32256K, 0% used [0x0000000779a80000,0x0000000779a80000,0x000000077ba00000)
 ParOldGen       total 84992K, used 38779K [0x00000006c0000000, 0x00000006c5300000, 0x000000076ab00000)
  object space 84992K, 45% used [0x00000006c0000000,0x00000006c25dedd0,0x00000006c5300000)
 Metaspace       used 6407K, capacity 7216K, committed 7296K, reserved 1056768K
  class space    used 589K, capacity 616K, committed 640K, reserved 1048576K
Event: 4.784 GC heap after
Heap after GC invocations=9 (full 0):
 PSYoungGen      total 277504K, used 32245K [0x000000076ab00000, 0x0000000788880000, 0x00000007c0000000)
  eden space 245248K, 0% used [0x000000076ab00000,0x000000076ab00000,0x0000000779a80000)
  from space 32256K, 99% used [0x0000000779a80000,0x000000077b9fd490,0x000000077ba00000)
  to   space 48128K, 0% used [0x0000000785980000,0x0000000785980000,0x0000000788880000)
 ParOldGen       total 84992K, used 64697K [0x00000006c0000000, 0x00000006c5300000, 0x000000076ab00000)
  object space 84992K, 76% used [0x00000006c0000000,0x00000006c3f2e720,0x00000006c5300000)
 Metaspace       used 6407K, capacity 7216K, committed 7296K, reserved 1056768K
  class space    used 589K, capacity 616K, committed 640K, reserved 1048576K
}
Event: 4.784 GC heap before
{Heap before GC invocations=10 (full 1):
 PSYoungGen      total 277504K, used 32245K [0x000000076ab00000, 0x0000000788880000, 0x00000007c0000000)
  eden space 245248K, 0% used [0x000000076ab00000,0x000000076ab00000,0x0000000779a80000)
  from space 32256K, 99% used [0x0000000779a80000,0x000000077b9fd490,0x000000077ba00000)
  to   space 48128K, 0% used [0x0000000785980000,0x0000000785980000,0x0000000788880000)
 ParOldGen       total 84992K, used 64697K [0x00000006c0000000, 0x00000006c5300000, 0x000000076ab00000)
  object space 84992K, 76% used [0x00000006c0000000,0x00000006c3f2e720,0x00000006c5300000)
 Metaspace       used 6407K, capacity 7216K, committed 7296K, reserved 1056768K
  class space    used 589K, capacity 616K, committed 640K, reserved 1048576K
Event: 5.353 GC heap after
Heap after GC invocations=10 (full 1):
 PSYoungGen      total 277504K, used 6114K [0x000000076ab00000, 0x0000000788880000, 0x00000007c0000000)
  eden space 245248K, 0% used [0x000000076ab00000,0x000000076ab00000,0x0000000779a80000)
  from space 32256K, 18% used [0x0000000779a80000,0x000000077a0789c8,0x000000077ba00000)
  to   space 48128K, 0% used [0x0000000785980000,0x0000000785980000,0x0000000788880000)
 ParOldGen       total 153088K, used 84881K [0x00000006c0000000, 0x00000006c9580000, 0x000000076ab00000)
  object space 153088K, 55% used [0x00000006c0000000,0x00000006c52e47f8,0x00000006c9580000)
 Metaspace       used 6407K, capacity 7216K, committed 7296K, reserved 1056768K
  class space    used 589K, capacity 616K, committed 640K, reserved 1048576K
}

