# JRE version: OpenJDK Runtime Environment (8.0_112-b06) (build 1.8.0_112-release-b06)
# Java VM: OpenJDK 64-Bit Server VM (25.112-b06 mixed mode windows-amd64 compressed oops)
Heap:
 PSYoungGen      total 647168K, used 99574K [0x000000076ab00000, 0x000000079ad00000, 0x00000007c0000000)
  eden space 529408K, 5% used [0x000000076ab00000,0x000000076c97b238,0x000000078b000000)
  from space 117760K, 58% used [0x000000078b000000,0x000000078f2c2678,0x0000000792300000)
  to   space 83968K, 0% used [0x0000000792300000,0x0000000792300000,0x0000000797500000)
 ParOldGen       total 441344K, used 335709K [0x00000006c0000000, 0x00000006daf00000, 0x000000076ab00000)
  object space 441344K, 76% used [0x00000006c0000000,0x00000006d47d7488,0x00000006daf00000)
 Metaspace       used 6592K, capacity 7344K, committed 7552K, reserved 1056768K
  class space    used 599K, capacity 616K, committed 640K, reserved 1048576K
GC Heap History (10 events):
Event: 6.515 GC heap after
Heap after GC invocations=13 (full 1):
 PSYoungGen      total 541696K, used 53193K [0x000000076ab00000, 0x0000000791280000, 0x00000007c0000000)
  eden space 475648K, 0% used [0x000000076ab00000,0x000000076ab00000,0x0000000787b80000)
  from space 66048K, 80% used [0x000000078c280000,0x000000078f6727f8,0x0000000790300000)
  to   space 72704K, 0% used [0x0000000787b80000,0x0000000787b80000,0x000000078c280000)
 ParOldGen       total 157696K, used 157074K [0x00000006c0000000, 0x00000006c9a00000, 0x000000076ab00000)
  object space 157696K, 99% used [0x00000006c0000000,0x00000006c9964b60,0x00000006c9a00000)
 Metaspace       used 6478K, capacity 7280K, committed 7552K, reserved 1056768K
  class space    used 593K, capacity 616K, committed 640K, reserved 1048576K
}
Event: 6.515 GC heap before
{Heap before GC invocations=14 (full 2):
 PSYoungGen      total 541696K, used 53193K [0x000000076ab00000, 0x0000000791280000, 0x00000007c0000000)
  eden space 475648K, 0% used [0x000000076ab00000,0x000000076ab00000,0x0000000787b80000)
  from space 66048K, 80% used [0x000000078c280000,0x000000078f6727f8,0x0000000790300000)
  to   space 72704K, 0% used [0x0000000787b80000,0x0000000787b80000,0x000000078c280000)
 ParOldGen       total 157696K, used 157074K [0x00000006c0000000, 0x00000006c9a00000, 0x000000076ab00000)
  object space 157696K, 99% used [0x00000006c0000000,0x00000006c9964b60,0x00000006c9a00000)
 Metaspace       used 6478K, capacity 7280K, committed 7552K, reserved 1056768K
  class space    used 593K, capacity 616K, committed 640K, reserved 1048576K
Event: 7.303 GC heap after
Heap after GC invocations=14 (full 2):
 PSYoungGen      total 541696K, used 46169K [0x000000076ab00000, 0x0000000791280000, 0x00000007c0000000)
  eden space 475648K, 0% used [0x000000076ab00000,0x000000076ab00000,0x0000000787b80000)
  from space 66048K, 69% used [0x000000078c280000,0x000000078ef965c8,0x0000000790300000)
  to   space 72704K, 0% used [0x0000000787b80000,0x0000000787b80000,0x000000078c280000)
 ParOldGen       total 273408K, used 157308K [0x00000006c0000000, 0x00000006d0b00000, 0x000000076ab00000)
  object space 273408K, 57% used [0x00000006c0000000,0x00000006c999f238,0x00000006d0b00000)
 Metaspace       used 6478K, capacity 7280K, committed 7552K, reserved 1056768K
  class space    used 593K, capacity 616K, committed 640K, reserved 1048576K
}
Event: 9.153 GC heap before
{Heap before GC invocations=15 (full 2):
 PSYoungGen      total 541696K, used 521817K [0x000000076ab00000, 0x0000000791280000, 0x00000007c0000000)
  eden space 475648K, 100% used [0x000000076ab00000,0x0000000787b80000,0x0000000787b80000)
  from space 66048K, 69% used [0x000000078c280000,0x000000078ef965c8,0x0000000790300000)
  to   space 72704K, 0% used [0x0000000787b80000,0x0000000787b80000,0x000000078c280000)
 ParOldGen       total 273408K, used 157308K [0x00000006c0000000, 0x00000006d0b00000, 0x000000076ab00000)
  object space 273408K, 57% used [0x00000006c0000000,0x00000006c999f238,0x00000006d0b00000)
 Metaspace       used 6495K, capacity 7280K, committed 7552K, reserved 1056768K
  class space    used 594K, capacity 616K, committed 640K, reserved 1048576K
Event: 9.350 GC heap after
Heap after GC invocations=15 (full 2):
 PSYoungGen      total 548352K, used 71104K [0x000000076ab00000, 0x0000000797500000, 0x00000007c0000000)
  eden space 475648K, 0% used [0x000000076ab00000,0x000000076ab00000,0x0000000787b80000)
  from space 72704K, 97% used [0x0000000787b80000,0x000000078c0f0380,0x000000078c280000)
  to   space 83968K, 0% used [0x0000000792300000,0x0000000792300000,0x0000000797500000)
 ParOldGen       total 273408K, used 201971K [0x00000006c0000000, 0x00000006d0b00000, 0x000000076ab00000)
  object space 273408K, 73% used [0x00000006c0000000,0x00000006cc53cdc0,0x00000006d0b00000)
 Metaspace       used 6495K, capacity 7280K, committed 7552K, reserved 1056768K
  class space    used 594K, capacity 616K, committed 640K, reserved 1048576K
}
Event: 14.163 GC heap before
{Heap before GC invocations=16 (full 2):
 PSYoungGen      total 548352K, used 546752K [0x000000076ab00000, 0x0000000797500000, 0x00000007c0000000)
  eden space 475648K, 100% used [0x000000076ab00000,0x0000000787b80000,0x0000000787b80000)
  from space 72704K, 97% used [0x0000000787b80000,0x000000078c0f0380,0x000000078c280000)
  to   space 83968K, 0% used [0x0000000792300000,0x0000000792300000,0x0000000797500000)
 ParOldGen       total 273408K, used 201971K [0x00000006c0000000, 0x00000006d0b00000, 0x000000076ab00000)
  object space 273408K, 73% used [0x00000006c0000000,0x00000006cc53cdc0,0x00000006d0b00000)
 Metaspace       used 6522K, capacity 7280K, committed 7552K, reserved 1056768K
  class space    used 595K, capacity 616K, committed 640K, reserved 1048576K
Event: 14.355 GC heap after
Heap after GC invocations=16 (full 2):
 PSYoungGen      total 613376K, used 83952K [0x000000076ab00000, 0x000000079ad00000, 0x00000007c0000000)
  eden space 529408K, 0% used [0x000000076ab00000,0x000000076ab00000,0x000000078b000000)
  from space 83968K, 99% used [0x0000000792300000,0x00000007974fc3c8,0x0000000797500000)
  to   space 117760K, 0% used [0x000000078b000000,0x000000078b000000,0x0000000792300000)
 ParOldGen       total 273408K, used 254062K [0x00000006c0000000, 0x00000006d0b00000, 0x000000076ab00000)
  object space 273408K, 92% used [0x00000006c0000000,0x00000006cf81bb48,0x00000006d0b00000)
 Metaspace       used 6522K, capacity 7280K, committed 7552K, reserved 1056768K
  class space    used 595K, capacity 616K, committed 640K, reserved 1048576K
}
Event: 14.355 GC heap before
{Heap before GC invocations=17 (full 3):
 PSYoungGen      total 613376K, used 83952K [0x000000076ab00000, 0x000000079ad00000, 0x00000007c0000000)
  eden space 529408K, 0% used [0x000000076ab00000,0x000000076ab00000,0x000000078b000000)
  from space 83968K, 99% used [0x0000000792300000,0x00000007974fc3c8,0x0000000797500000)
  to   space 117760K, 0% used [0x000000078b000000,0x000000078b000000,0x0000000792300000)
 ParOldGen       total 273408K, used 254062K [0x00000006c0000000, 0x00000006d0b00000, 0x000000076ab00000)
  object space 273408K, 92% used [0x00000006c0000000,0x00000006cf81bb48,0x00000006d0b00000)
 Metaspace       used 6522K, capacity 7280K, committed 7552K, reserved 1056768K
  class space    used 595K, capacity 616K, committed 640K, reserved 1048576K
Event: 15.675 GC heap after
Heap after GC invocations=17 (full 3):
 PSYoungGen      total 613376K, used 61712K [0x000000076ab00000, 0x000000079ad00000, 0x00000007c0000000)
  eden space 529408K, 0% used [0x000000076ab00000,0x000000076ab00000,0x000000078b000000)
  from space 83968K, 73% used [0x0000000792300000,0x0000000795f441c0,0x0000000797500000)
  to   space 117760K, 0% used [0x000000078b000000,0x000000078b000000,0x0000000792300000)
 ParOldGen       total 441344K, used 273347K [0x00000006c0000000, 0x00000006daf00000, 0x000000076ab00000)
  object space 441344K, 61% used [0x00000006c0000000,0x00000006d0af0e88,0x00000006daf00000)
 Metaspace       used 6522K, capacity 7280K, committed 7552K, reserved 1056768K
  class space    used 595K, capacity 616K, committed 640K, reserved 1048576K
}
Event: 18.268 GC heap before
{Heap before GC invocations=18 (full 3):
 PSYoungGen      total 613376K, used 591120K [0x000000076ab00000, 0x000000079ad00000, 0x00000007c0000000)
  eden space 529408K, 100% used [0x000000076ab00000,0x000000078b000000,0x000000078b000000)
  from space 83968K, 73% used [0x0000000792300000,0x0000000795f441c0,0x0000000797500000)
  to   space 117760K, 0% used [0x000000078b000000,0x000000078b000000,0x0000000792300000)
 ParOldGen       total 441344K, used 273347K [0x00000006c0000000, 0x00000006daf00000, 0x000000076ab00000)
  object space 441344K, 61% used [0x00000006c0000000,0x00000006d0af0e88,0x00000006daf00000)
 Metaspace       used 6590K, capacity 7344K, committed 7552K, reserved 1056768K
  class space    used 599K, capacity 616K, committed 640K, reserved 1048576K

