# JRE version: OpenJDK Runtime Environment (8.0_112-b06) (build 1.8.0_112-release-b06)
# Java VM: OpenJDK 64-Bit Server VM (25.112-b06 mixed mode windows-amd64 compressed oops)
Heap:
 PSYoungGen      total 218112K, used 109999K [0x000000076ab00000, 0x000000077d880000, 0x00000007c0000000)
  eden space 144384K, 34% used [0x000000076ab00000,0x000000076dafddf8,0x0000000773800000)
  from space 73728K, 82% used [0x0000000778600000,0x000000077c16e198,0x000000077ce00000)
  to   space 79872K, 0% used [0x0000000773800000,0x0000000773800000,0x0000000778600000)
 ParOldGen       total 191488K, used 93785K [0x00000006c0000000, 0x00000006cbb00000, 0x000000076ab00000)
  object space 191488K, 48% used [0x00000006c0000000,0x00000006c5b96518,0x00000006cbb00000)
 Metaspace       used 6137K, capacity 7152K, committed 7296K, reserved 1056768K
  class space    used 586K, capacity 616K, committed 640K, reserved 1048576K
GC Heap History (10 events):
Event: 3.801 GC heap before
{Heap before GC invocations=8 (full 1):
 PSYoungGen      total 127488K, used 127337K [0x000000076ab00000, 0x0000000776480000, 0x00000007c0000000)
  eden space 105984K, 100% used [0x000000076ab00000,0x0000000771280000,0x0000000771280000)
  from space 21504K, 99% used [0x0000000774f80000,0x000000077645a688,0x0000000776480000)
  to   space 38400K, 0% used [0x0000000771980000,0x0000000771980000,0x0000000773f00000)
 ParOldGen       total 150528K, used 72619K [0x00000006c0000000, 0x00000006c9300000, 0x000000076ab00000)
  object space 150528K, 48% used [0x00000006c0000000,0x00000006c46eada0,0x00000006c9300000)
 Metaspace       used 5987K, capacity 7088K, committed 7296K, reserved 1056768K
  class space    used 568K, capacity 616K, committed 640K, reserved 1048576K
Event: 3.940 GC heap after
Heap after GC invocations=8 (full 1):
 PSYoungGen      total 151552K, used 38374K [0x000000076ab00000, 0x000000077c300000, 0x00000007c0000000)
  eden space 113152K, 0% used [0x000000076ab00000,0x000000076ab00000,0x0000000771980000)
  from space 38400K, 99% used [0x0000000771980000,0x0000000773ef9b58,0x0000000773f00000)
  to   space 53760K, 0% used [0x0000000778e80000,0x0000000778e80000,0x000000077c300000)
 ParOldGen       total 150528K, used 91305K [0x00000006c0000000, 0x00000006c9300000, 0x000000076ab00000)
  object space 150528K, 60% used [0x00000006c0000000,0x00000006c592a6e8,0x00000006c9300000)
 Metaspace       used 5987K, capacity 7088K, committed 7296K, reserved 1056768K
  class space    used 568K, capacity 616K, committed 640K, reserved 1048576K
}
Event: 4.643 GC heap before
{Heap before GC invocations=9 (full 1):
 PSYoungGen      total 151552K, used 151526K [0x000000076ab00000, 0x000000077c300000, 0x00000007c0000000)
  eden space 113152K, 100% used [0x000000076ab00000,0x0000000771980000,0x0000000771980000)
  from space 38400K, 99% used [0x0000000771980000,0x0000000773ef9b58,0x0000000773f00000)
  to   space 53760K, 0% used [0x0000000778e80000,0x0000000778e80000,0x000000077c300000)
 ParOldGen       total 150528K, used 91305K [0x00000006c0000000, 0x00000006c9300000, 0x000000076ab00000)
  object space 150528K, 60% used [0x00000006c0000000,0x00000006c592a6e8,0x00000006c9300000)
 Metaspace       used 6004K, capacity 7088K, committed 7296K, reserved 1056768K
  class space    used 568K, capacity 616K, committed 640K, reserved 1048576K
Event: 4.741 GC heap after
Heap after GC invocations=9 (full 1):
 PSYoungGen      total 166912K, used 53754K [0x000000076ab00000, 0x000000077c300000, 0x00000007c0000000)
  eden space 113152K, 0% used [0x000000076ab00000,0x000000076ab00000,0x0000000771980000)
  from space 53760K, 99% used [0x0000000778e80000,0x000000077c2feb80,0x000000077c300000)
  to   space 38400K, 0% used [0x0000000771980000,0x0000000771980000,0x0000000773f00000)
 ParOldGen       total 150528K, used 123268K [0x00000006c0000000, 0x00000006c9300000, 0x000000076ab00000)
  object space 150528K, 81% used [0x00000006c0000000,0x00000006c7861248,0x00000006c9300000)
 Metaspace       used 6004K, capacity 7088K, committed 7296K, reserved 1056768K
  class space    used 568K, capacity 616K, committed 640K, reserved 1048576K
}
Event: 4.741 GC heap before
{Heap before GC invocations=10 (full 2):
 PSYoungGen      total 166912K, used 53754K [0x000000076ab00000, 0x000000077c300000, 0x00000007c0000000)
  eden space 113152K, 0% used [0x000000076ab00000,0x000000076ab00000,0x0000000771980000)
  from space 53760K, 99% used [0x0000000778e80000,0x000000077c2feb80,0x000000077c300000)
  to   space 38400K, 0% used [0x0000000771980000,0x0000000771980000,0x0000000773f00000)
 ParOldGen       total 150528K, used 123268K [0x00000006c0000000, 0x00000006c9300000, 0x000000076ab00000)
  object space 150528K, 81% used [0x00000006c0000000,0x00000006c7861248,0x00000006c9300000)
 Metaspace       used 6004K, capacity 7088K, committed 7296K, reserved 1056768K
  class space    used 568K, capacity 616K, committed 640K, reserved 1048576K
Event: 4.998 GC heap after
Heap after GC invocations=10 (full 2):
 PSYoungGen      total 166912K, used 0K [0x000000076ab00000, 0x000000077c300000, 0x00000007c0000000)
  eden space 113152K, 0% used [0x000000076ab00000,0x000000076ab00000,0x0000000771980000)
  from space 53760K, 0% used [0x0000000778e80000,0x0000000778e80000,0x000000077c300000)
  to   space 38400K, 0% used [0x0000000771980000,0x0000000771980000,0x0000000773f00000)
 ParOldGen       total 191488K, used 93777K [0x00000006c0000000, 0x00000006cbb00000, 0x000000076ab00000)
  object space 191488K, 48% used [0x00000006c0000000,0x00000006c5b94518,0x00000006cbb00000)
 Metaspace       used 6004K, capacity 7088K, committed 7296K, reserved 1056768K
  class space    used 568K, capacity 616K, committed 640K, reserved 1048576K
}
Event: 5.375 GC heap before
{Heap before GC invocations=11 (full 2):
 PSYoungGen      total 166912K, used 113152K [0x000000076ab00000, 0x000000077c300000, 0x00000007c0000000)
  eden space 113152K, 100% used [0x000000076ab00000,0x0000000771980000,0x0000000771980000)
  from space 53760K, 0% used [0x0000000778e80000,0x0000000778e80000,0x000000077c300000)
  to   space 38400K, 0% used [0x0000000771980000,0x0000000771980000,0x0000000773f00000)
 ParOldGen       total 191488K, used 93777K [0x00000006c0000000, 0x00000006cbb00000, 0x000000076ab00000)
  object space 191488K, 48% used [0x00000006c0000000,0x00000006c5b94518,0x00000006cbb00000)
 Metaspace       used 6014K, capacity 7088K, committed 7296K, reserved 1056768K
  class space    used 568K, capacity 616K, committed 640K, reserved 1048576K
Event: 5.407 GC heap after
Heap after GC invocations=11 (full 2):
 PSYoungGen      total 151552K, used 37527K [0x000000076ab00000, 0x000000077ce00000, 0x00000007c0000000)
  eden space 113152K, 0% used [0x000000076ab00000,0x000000076ab00000,0x0000000771980000)
  from space 38400K, 97% used [0x0000000771980000,0x0000000773e25c90,0x0000000773f00000)
  to   space 73728K, 0% used [0x0000000778600000,0x0000000778600000,0x000000077ce00000)
 ParOldGen       total 191488K, used 93777K [0x00000006c0000000, 0x00000006cbb00000, 0x000000076ab00000)
  object space 191488K, 48% used [0x00000006c0000000,0x00000006c5b94518,0x00000006cbb00000)
 Metaspace       used 6014K, capacity 7088K, committed 7296K, reserved 1056768K
  class space    used 568K, capacity 616K, committed 640K, reserved 1048576K
}
Event: 5.822 GC heap before
{Heap before GC invocations=12 (full 2):
 PSYoungGen      total 151552K, used 150679K [0x000000076ab00000, 0x000000077ce00000, 0x00000007c0000000)
  eden space 113152K, 100% used [0x000000076ab00000,0x0000000771980000,0x0000000771980000)
  from space 38400K, 97% used [0x0000000771980000,0x0000000773e25c90,0x0000000773f00000)
  to   space 73728K, 0% used [0x0000000778600000,0x0000000778600000,0x000000077ce00000)
 ParOldGen       total 191488K, used 93777K [0x00000006c0000000, 0x00000006cbb00000, 0x000000076ab00000)
  object space 191488K, 48% used [0x00000006c0000000,0x00000006c5b94518,0x00000006cbb00000)
 Metaspace       used 6128K, capacity 7152K, committed 7296K, reserved 1056768K
  class space    used 586K, capacity 616K, committed 640K, reserved 1048576K
Event: 5.852 GC heap after
Heap after GC invocations=12 (full 2):
 PSYoungGen      total 218112K, used 60856K [0x000000076ab00000, 0x000000077d880000, 0x00000007c0000000)
  eden space 144384K, 0% used [0x000000076ab00000,0x000000076ab00000,0x0000000773800000)
  from space 73728K, 82% used [0x0000000778600000,0x000000077c16e198,0x000000077ce00000)
  to   space 79872K, 0% used [0x0000000773800000,0x0000000773800000,0x0000000778600000)
 ParOldGen       total 191488K, used 93785K [0x00000006c0000000, 0x00000006cbb00000, 0x000000076ab00000)
  object space 191488K, 48% used [0x00000006c0000000,0x00000006c5b96518,0x00000006cbb00000)
 Metaspace       used 6128K, capacity 7152K, committed 7296K, reserved 1056768K
  class space    used 586K, capacity 616K, committed 640K, reserved 1048576K
}

