# JRE version: OpenJDK Runtime Environment (8.0_112-b06) (build 1.8.0_112-release-b06)
# Java VM: OpenJDK 64-Bit Server VM (25.112-b06 mixed mode windows-amd64 compressed oops)
Heap:
 PSYoungGen      total 275968K, used 74652K [0x000000076ab00000, 0x0000000788780000, 0x00000007c0000000)
  eden space 242176K, 27% used [0x000000076ab00000,0x000000076eaf2ce0,0x0000000779780000)
  from space 33792K, 27% used [0x0000000779780000,0x000000077a0744c8,0x000000077b880000)
  to   space 50176K, 0% used [0x0000000785680000,0x0000000785680000,0x0000000788780000)
 ParOldGen       total 84992K, used 84978K [0x00000006c0000000, 0x00000006c5300000, 0x000000076ab00000)
  object space 84992K, 99% used [0x00000006c0000000,0x00000006c52fc970,0x00000006c5300000)
 Metaspace       used 6682K, capacity 7472K, committed 7552K, reserved 1056768K
  class space    used 605K, capacity 616K, committed 640K, reserved 1048576K
GC Heap History (10 events):
Event: 2.540 GC heap before
{Heap before GC invocations=6 (full 0):
 PSYoungGen      total 68608K, used 68585K [0x000000076ab00000, 0x0000000774600000, 0x00000007c0000000)
  eden space 63488K, 100% used [0x000000076ab00000,0x000000076e900000,0x000000076e900000)
  from space 5120K, 99% used [0x000000076e900000,0x000000076edfa518,0x000000076ee00000)
  to   space 15872K, 0% used [0x0000000773680000,0x0000000773680000,0x0000000774600000)
 ParOldGen       total 84992K, used 21694K [0x00000006c0000000, 0x00000006c5300000, 0x000000076ab00000)
  object space 84992K, 25% used [0x00000006c0000000,0x00000006c152f9c0,0x00000006c5300000)
 Metaspace       used 6314K, capacity 7152K, committed 7296K, reserved 1056768K
  class space    used 585K, capacity 616K, committed 640K, reserved 1048576K
Event: 2.558 GC heap after
Heap after GC invocations=6 (full 0):
 PSYoungGen      total 140288K, used 15177K [0x000000076ab00000, 0x0000000774b00000, 0x00000007c0000000)
  eden space 124416K, 0% used [0x000000076ab00000,0x000000076ab00000,0x0000000772480000)
  from space 15872K, 95% used [0x0000000773680000,0x0000000774552518,0x0000000774600000)
  to   space 18432K, 0% used [0x0000000772480000,0x0000000772480000,0x0000000773680000)
 ParOldGen       total 84992K, used 21694K [0x00000006c0000000, 0x00000006c5300000, 0x000000076ab00000)
  object space 84992K, 25% used [0x00000006c0000000,0x00000006c152f9c0,0x00000006c5300000)
 Metaspace       used 6314K, capacity 7152K, committed 7296K, reserved 1056768K
  class space    used 585K, capacity 616K, committed 640K, reserved 1048576K
}
Event: 2.835 GC heap before
{Heap before GC invocations=7 (full 0):
 PSYoungGen      total 140288K, used 139593K [0x000000076ab00000, 0x0000000774b00000, 0x00000007c0000000)
  eden space 124416K, 100% used [0x000000076ab00000,0x0000000772480000,0x0000000772480000)
  from space 15872K, 95% used [0x0000000773680000,0x0000000774552518,0x0000000774600000)
  to   space 18432K, 0% used [0x0000000772480000,0x0000000772480000,0x0000000773680000)
 ParOldGen       total 84992K, used 21694K [0x00000006c0000000, 0x00000006c5300000, 0x000000076ab00000)
  object space 84992K, 25% used [0x00000006c0000000,0x00000006c152f9c0,0x00000006c5300000)
 Metaspace       used 6365K, capacity 7216K, committed 7296K, reserved 1056768K
  class space    used 588K, capacity 616K, committed 640K, reserved 1048576K
Event: 2.887 GC heap after
Heap after GC invocations=7 (full 0):
 PSYoungGen      total 142848K, used 18402K [0x000000076ab00000, 0x000000077d300000, 0x00000007c0000000)
  eden space 124416K, 0% used [0x000000076ab00000,0x000000076ab00000,0x0000000772480000)
  from space 18432K, 99% used [0x0000000772480000,0x0000000773678958,0x0000000773680000)
  to   space 27136K, 0% used [0x000000077b880000,0x000000077b880000,0x000000077d300000)
 ParOldGen       total 84992K, used 33477K [0x00000006c0000000, 0x00000006c5300000, 0x000000076ab00000)
  object space 84992K, 39% used [0x00000006c0000000,0x00000006c20b1780,0x00000006c5300000)
 Metaspace       used 6365K, capacity 7216K, committed 7296K, reserved 1056768K
  class space    used 588K, capacity 616K, committed 640K, reserved 1048576K
}
Event: 3.139 GC heap before
{Heap before GC invocations=8 (full 0):
 PSYoungGen      total 142848K, used 142818K [0x000000076ab00000, 0x000000077d300000, 0x00000007c0000000)
  eden space 124416K, 100% used [0x000000076ab00000,0x0000000772480000,0x0000000772480000)
  from space 18432K, 99% used [0x0000000772480000,0x0000000773678958,0x0000000773680000)
  to   space 27136K, 0% used [0x000000077b880000,0x000000077b880000,0x000000077d300000)
 ParOldGen       total 84992K, used 33477K [0x00000006c0000000, 0x00000006c5300000, 0x000000076ab00000)
  object space 84992K, 39% used [0x00000006c0000000,0x00000006c20b1780,0x00000006c5300000)
 Metaspace       used 6381K, capacity 7216K, committed 7296K, reserved 1056768K
  class space    used 589K, capacity 616K, committed 640K, reserved 1048576K
Event: 3.165 GC heap after
Heap after GC invocations=8 (full 0):
 PSYoungGen      total 269312K, used 27109K [0x000000076ab00000, 0x000000077e000000, 0x00000007c0000000)
  eden space 242176K, 0% used [0x000000076ab00000,0x000000076ab00000,0x0000000779780000)
  from space 27136K, 99% used [0x000000077b880000,0x000000077d2f9448,0x000000077d300000)
  to   space 33792K, 0% used [0x0000000779780000,0x0000000779780000,0x000000077b880000)
 ParOldGen       total 84992K, used 38377K [0x00000006c0000000, 0x00000006c5300000, 0x000000076ab00000)
  object space 84992K, 45% used [0x00000006c0000000,0x00000006c257a528,0x00000006c5300000)
 Metaspace       used 6381K, capacity 7216K, committed 7296K, reserved 1056768K
  class space    used 589K, capacity 616K, committed 640K, reserved 1048576K
}
Event: 3.745 GC heap before
{Heap before GC invocations=9 (full 0):
 PSYoungGen      total 269312K, used 269285K [0x000000076ab00000, 0x000000077e000000, 0x00000007c0000000)
  eden space 242176K, 100% used [0x000000076ab00000,0x0000000779780000,0x0000000779780000)
  from space 27136K, 99% used [0x000000077b880000,0x000000077d2f9448,0x000000077d300000)
  to   space 33792K, 0% used [0x0000000779780000,0x0000000779780000,0x000000077b880000)
 ParOldGen       total 84992K, used 38377K [0x00000006c0000000, 0x00000006c5300000, 0x000000076ab00000)
  object space 84992K, 45% used [0x00000006c0000000,0x00000006c257a528,0x00000006c5300000)
 Metaspace       used 6398K, capacity 7216K, committed 7296K, reserved 1056768K
  class space    used 589K, capacity 616K, committed 640K, reserved 1048576K
Event: 3.805 GC heap after
Heap after GC invocations=9 (full 0):
 PSYoungGen      total 275968K, used 33762K [0x000000076ab00000, 0x0000000788780000, 0x00000007c0000000)
  eden space 242176K, 0% used [0x000000076ab00000,0x000000076ab00000,0x0000000779780000)
  from space 33792K, 99% used [0x0000000779780000,0x000000077b878928,0x000000077b880000)
  to   space 50176K, 0% used [0x0000000785680000,0x0000000785680000,0x0000000788780000)
 ParOldGen       total 84992K, used 66075K [0x00000006c0000000, 0x00000006c5300000, 0x000000076ab00000)
  object space 84992K, 77% used [0x00000006c0000000,0x00000006c4086ff0,0x00000006c5300000)
 Metaspace       used 6398K, capacity 7216K, committed 7296K, reserved 1056768K
  class space    used 589K, capacity 616K, committed 640K, reserved 1048576K
}
Event: 3.805 GC heap before
{Heap before GC invocations=10 (full 1):
 PSYoungGen      total 275968K, used 33762K [0x000000076ab00000, 0x0000000788780000, 0x00000007c0000000)
  eden space 242176K, 0% used [0x000000076ab00000,0x000000076ab00000,0x0000000779780000)
  from space 33792K, 99% used [0x0000000779780000,0x000000077b878928,0x000000077b880000)
  to   space 50176K, 0% used [0x0000000785680000,0x0000000785680000,0x0000000788780000)
 ParOldGen       total 84992K, used 66075K [0x00000006c0000000, 0x00000006c5300000, 0x000000076ab00000)
  object space 84992K, 77% used [0x00000006c0000000,0x00000006c4086ff0,0x00000006c5300000)
 Metaspace       used 6398K, capacity 7216K, committed 7296K, reserved 1056768K
  class space    used 589K, capacity 616K, committed 640K, reserved 1048576K
Event: 4.235 GC heap after
Heap after GC invocations=10 (full 1):
 PSYoungGen      total 275968K, used 9169K [0x000000076ab00000, 0x0000000788780000, 0x00000007c0000000)
  eden space 242176K, 0% used [0x000000076ab00000,0x000000076ab00000,0x0000000779780000)
  from space 33792K, 27% used [0x0000000779780000,0x000000077a0744c8,0x000000077b880000)
  to   space 50176K, 0% used [0x0000000785680000,0x0000000785680000,0x0000000788780000)
 ParOldGen       total 84992K, used 84978K [0x00000006c0000000, 0x00000006c5300000, 0x000000076ab00000)
  object space 84992K, 99% used [0x00000006c0000000,0x00000006c52fc970,0x00000006c5300000)
 Metaspace       used 6398K, capacity 7216K, committed 7296K, reserved 1056768K
  class space    used 589K, capacity 616K, committed 640K, reserved 1048576K
}

